<?xml version="1.0" encoding="UTF-8" ?>
<testsuite errors="0" failures="0" hostname="boorah" name="com.tle.blackboard.common.content.LegacyItemUtilTest" skipped="0" tests="18" time="0.162" timestamp="2017-04-27T01:13:23">
  <properties>
[...]
</properties>
  <testcase classname="com.tle.blackboard.common.content.LegacyItemUtilTest" name="testCreatePropBagWithAmpersands" time="0.073" />
  <testcase classname="com.tle.blackboard.common.content.LegacyItemUtilTest" name="testCreatePropBagWithXmlEscapedCharacters" time="0.013" />
  <testcase classname="com.tle.blackboard.common.content.LegacyItemUtilTest" name="testCreatePropBagWithoutAmpersands" time="0.001" />
  <testcase classname="com.tle.blackboard.common.content.LegacyItemUtilTest" name="testScrubLegacyPageSoloSpace" time="0.0" />
  <testcase classname="com.tle.blackboard.common.content.LegacyItemUtilTest" name="testScrubLegacyPageSoloEncodedPlus" time="0.0" />
  <testcase classname="com.tle.blackboard.common.content.LegacyItemUtilTest" name="testScrubLegacyPageSoloPlus" time="0.0" />
  <testcase classname="com.tle.blackboard.common.content.LegacyItemUtilTest" name="testScrubLegacyPageSoloSlash" time="0.0" />
  <testcase classname="com.tle.blackboard.common.content.LegacyItemUtilTest" name="testScrubLegacyPageSoloPreEncodedSlash" time="0.0" />
  <testcase classname="com.tle.blackboard.common.content.LegacyItemUtilTest" name="testScrubLegacyPageOnlyFilename" time="0.009" />
  <testcase classname="com.tle.blackboard.common.content.LegacyItemUtilTest" name="testScrubLegacyPageFolderAndFilename" time="0.0" />
  <testcase classname="com.tle.blackboard.common.content.LegacyItemUtilTest" name="testScrubLegacyPageOnlyFolder" time="0.0" />
  <testcase classname="com.tle.blackboard.common.content.LegacyItemUtilTest" name="testScrubLegacyPageNullPage" time="0.0" />
  <testcase classname="com.tle.blackboard.common.content.LegacyItemUtilTest" name="testScrubLegacyPageDotSlashPage" time="0.0" />
  <testcase classname="com.tle.blackboard.common.content.LegacyItemUtilTest" name="testFixUnescapedAmpersandsSingle" time="0.0" />
  <testcase classname="com.tle.blackboard.common.content.LegacyItemUtilTest" name="testFixUnescapedAmpersandsXml" time="0.0" />
  <testcase classname="com.tle.blackboard.common.content.LegacyItemUtilTest" name="testFixUnescapedAmpersandsEmpty" time="0.0" />
  <testcase classname="com.tle.blackboard.common.content.LegacyItemUtilTest" name="testFixUnescapedAmpersandsMultiples" time="0.001" />
  <testcase classname="com.tle.blackboard.common.content.LegacyItemUtilTest" name="testFixUnescapedAmpersandsGeneral" time="0.0" />
  <system-out><![CDATA[URI parser output [I%2Fam%20a%20spacey%20filename%20!#$&'%()*+,:;=?@[].jpg]
]]></system-out>
  <system-err><![CDATA[[Fatal Error] :1:188: The entity name must immediately follow the '&' in the entity reference.
[Fatal Error] :1:183: The entity name must immediately follow the '&' in the entity reference.
]]></system-err>
</testsuite>
